<html>
<head>
<title>TestNG:  Test</title>
<link href="../testng.css" rel="stylesheet" type="text/css" />
<link href="../my-testng.css" rel="stylesheet" type="text/css" />

<style type="text/css">
.log { display: none;} 
.stack-trace { display: none;} 
</style>
<script type="text/javascript">
<!--
function flip(e) {
  current = e.style.display;
  if (current == 'block') {
    e.style.display = 'none';
    return 0;
  }
  else {
    e.style.display = 'block';
    return 1;
  }
}

function toggleBox(szDivId, elem, msg1, msg2)
{
  var res = -1;  if (document.getElementById) {
    res = flip(document.getElementById(szDivId));
  }
  else if (document.all) {
    // this is the way old msie versions work
    res = flip(document.all[szDivId]);
  }
  if(elem) {
    if(res == 0) elem.innerHTML = msg1; else elem.innerHTML = msg2;
  }

}

function toggleAllBoxes() {
  if (document.getElementsByTagName) {
    d = document.getElementsByTagName('div');
    for (i = 0; i < d.length; i++) {
      if (d[i].className == 'log') {
        flip(d[i]);
      }
    }
  }
}

// -->
</script>

</head>
<body>
<h2 align='center'>Test</h2><table border='1' align="center">
<tr>
<td>Tests passed/Failed/Skipped:</td><td>9/2/0</td>
</tr><tr>
<td>Started on:</td><td>Thu Jun 19 00:16:42 IST 2025</td>
</tr>
<tr><td>Total time:</td><td>103 seconds (103201 ms)</td>
</tr><tr>
<td>Included groups:</td><td></td>
</tr><tr>
<td>Excluded groups:</td><td></td>
</tr>
</table><p/>
<small><i>(Hover the method name to see the test class name)</i></small><p/>
<table width='100%' border='1' class='invocation-failed'>
<tr><td colspan='4' align='center'><b>FAILED TESTS</b></td></tr>
<tr><td><b>Test method</b></td>
<td><b>Attribute(s)</b></td>
<td width="30%"><b>Exception</b></td>
<td width="10%"><b>Time (seconds)</b></td>
<td><b>Instance</b></td>
</tr>
<tr>
<td title='testscript.LoginTest.verifyUserLoginWithInValidCredentials()'><b>verifyUserLoginWithInValidCredentials</b><br>Test class: testscript.LoginTest<br>Test method: Verify wheather user can login with invalid credentials</td>
<td><div><pre>java.lang.RuntimeException: java.lang.IllegalStateException: Cannot get a NUMERIC value from a STRING cell
	at java.base/java.util.ArrayList.forEach(ArrayList.java:1596)
Caused by: java.lang.IllegalStateException: Cannot get a NUMERIC value from a STRING cell
	at org.apache.poi.xssf.usermodel.XSSFCell.typeMismatch(XSSFCell.java:987)
	at org.apache.poi.xssf.usermodel.XSSFCell.getNumericCellValue(XSSFCell.java:260)
	at utilities.ExcelUtility.getIntegerData(ExcelUtility.java:36)
	at testscript.LoginTest.getDataFromDataProvider(LoginTest.java:75)
	... 25 more
... Removed 30 stack frames</pre></div><a href='#' onClick='toggleBox("stack-trace341887005", this, "Click to show all stack frames", "Click to hide stack frames")'>Click to show all stack frames</a>
<div class='stack-trace' id='stack-trace341887005'><pre>java.lang.RuntimeException: java.lang.IllegalStateException: Cannot get a NUMERIC value from a STRING cell
	at org.testng.internal.invokers.MethodInvocationHelper.invokeMethodNoCheckedException(MethodInvocationHelper.java:58)
	at org.testng.internal.invokers.MethodInvocationHelper.invokeDataProvider(MethodInvocationHelper.java:159)
	at org.testng.internal.Parameters.handleParameters(Parameters.java:809)
	at org.testng.internal.Parameters.handleParameters(Parameters.java:734)
	at org.testng.internal.invokers.ParameterHandler.handleParameters(ParameterHandler.java:72)
	at org.testng.internal.invokers.ParameterHandler.createParameters(ParameterHandler.java:51)
	at org.testng.internal.invokers.TestInvoker$MethodInvocationAgent.invoke(TestInvoker.java:946)
	at org.testng.internal.invokers.TestInvoker.invokeTestMethods(TestInvoker.java:203)
	at org.testng.internal.invokers.TestMethodWorker.invokeTestMethods(TestMethodWorker.java:154)
	at org.testng.internal.invokers.TestMethodWorker.run(TestMethodWorker.java:134)
	at java.base/java.util.ArrayList.forEach(ArrayList.java:1596)
	at org.testng.TestRunner.privateRun(TestRunner.java:739)
	at org.testng.TestRunner.run(TestRunner.java:614)
	at org.testng.SuiteRunner.runTest(SuiteRunner.java:421)
	at org.testng.SuiteRunner.runSequentially(SuiteRunner.java:413)
	at org.testng.SuiteRunner.privateRun(SuiteRunner.java:373)
	at org.testng.SuiteRunner.run(SuiteRunner.java:312)
	at org.testng.SuiteRunnerWorker.runSuite(SuiteRunnerWorker.java:52)
	at org.testng.SuiteRunnerWorker.run(SuiteRunnerWorker.java:95)
	at org.testng.TestNG.runSuitesSequentially(TestNG.java:1274)
	at org.testng.TestNG.runSuitesLocally(TestNG.java:1208)
	at org.testng.TestNG.runSuites(TestNG.java:1112)
	at org.testng.TestNG.run(TestNG.java:1079)
	at org.testng.remote.AbstractRemoteTestNG.run(AbstractRemoteTestNG.java:115)
	at org.testng.remote.RemoteTestNG.initAndRun(RemoteTestNG.java:293)
	at org.testng.remote.RemoteTestNG.main(RemoteTestNG.java:91)
Caused by: java.lang.IllegalStateException: Cannot get a NUMERIC value from a STRING cell
	at org.apache.poi.xssf.usermodel.XSSFCell.typeMismatch(XSSFCell.java:987)
	at org.apache.poi.xssf.usermodel.XSSFCell.getNumericCellValue(XSSFCell.java:260)
	at utilities.ExcelUtility.getIntegerData(ExcelUtility.java:36)
	at testscript.LoginTest.getDataFromDataProvider(LoginTest.java:75)
	at java.base/jdk.internal.reflect.DirectMethodHandleAccessor.invoke(DirectMethodHandleAccessor.java:103)
	at java.base/java.lang.reflect.Method.invoke(Method.java:580)
	at org.testng.internal.invokers.MethodInvocationHelper.invokeMethod(MethodInvocationHelper.java:141)
	at org.testng.internal.invokers.MethodInvocationHelper.invokeMethod(MethodInvocationHelper.java:86)
	at org.testng.internal.invokers.MethodInvocationHelper.invokeMethodNoCheckedException(MethodInvocationHelper.java:54)
	... 25 more
</pre></div></td>
<td>0</td>
<td>testscript.LoginTest@36fc695d</td></tr>
<tr>
<td title='testscript.ManageCategoryTest.verifyWhetherTheUserCanEnterTheNewCategoryDetails()'><b>verifyWhetherTheUserCanEnterTheNewCategoryDetails</b><br>Test class: testscript.ManageCategoryTest<br>Test method: Verify wheather the user is able to add new categeory details in Managecategory tile</td>
<td><div><pre>org.openqa.selenium.support.ui.UnexpectedTagNameException: Element should have been &quot;select&quot; but was &quot;input&quot;
Build info: version: &apos;4.28.1&apos;, revision: &apos;73f5ad48a2&apos;
System info: os.name: &apos;Windows 11&apos;, os.arch: &apos;amd64&apos;, os.version: &apos;10.0&apos;, java.version: &apos;21.0.5&apos;
Driver info: driver.version: unknown
	at org.openqa.selenium.support.ui.Select.&lt;init&gt;(Select.java:44)
	at utilities.PageUtility.selectbyValue(PageUtility.java:14)
	at pages.ManageCategoryPage.clickOnCheckBoxRadioButton(ManageCategoryPage.java:82)
	at testscript.ManageCategoryTest.verifyWhetherTheUserCanEnterTheNewCategoryDetails(ManageCategoryTest.java:32)
	at java.base/java.util.ArrayList.forEach(ArrayList.java:1596)
... Removed 25 stack frames</pre></div><a href='#' onClick='toggleBox("stack-trace1959218329", this, "Click to show all stack frames", "Click to hide stack frames")'>Click to show all stack frames</a>
<div class='stack-trace' id='stack-trace1959218329'><pre>org.openqa.selenium.support.ui.UnexpectedTagNameException: Element should have been &quot;select&quot; but was &quot;input&quot;
Build info: version: &apos;4.28.1&apos;, revision: &apos;73f5ad48a2&apos;
System info: os.name: &apos;Windows 11&apos;, os.arch: &apos;amd64&apos;, os.version: &apos;10.0&apos;, java.version: &apos;21.0.5&apos;
Driver info: driver.version: unknown
	at org.openqa.selenium.support.ui.Select.&lt;init&gt;(Select.java:44)
	at utilities.PageUtility.selectbyValue(PageUtility.java:14)
	at pages.ManageCategoryPage.clickOnCheckBoxRadioButton(ManageCategoryPage.java:82)
	at testscript.ManageCategoryTest.verifyWhetherTheUserCanEnterTheNewCategoryDetails(ManageCategoryTest.java:32)
	at java.base/jdk.internal.reflect.DirectMethodHandleAccessor.invoke(DirectMethodHandleAccessor.java:103)
	at java.base/java.lang.reflect.Method.invoke(Method.java:580)
	at org.testng.internal.invokers.MethodInvocationHelper.invokeMethod(MethodInvocationHelper.java:141)
	at org.testng.internal.invokers.TestInvoker.invokeMethod(TestInvoker.java:686)
	at org.testng.internal.invokers.TestInvoker.invokeTestMethod(TestInvoker.java:230)
	at org.testng.internal.invokers.MethodRunner.runInSequence(MethodRunner.java:63)
	at org.testng.internal.invokers.TestInvoker$MethodInvocationAgent.invoke(TestInvoker.java:992)
	at org.testng.internal.invokers.TestInvoker.invokeTestMethods(TestInvoker.java:203)
	at org.testng.internal.invokers.TestMethodWorker.invokeTestMethods(TestMethodWorker.java:154)
	at org.testng.internal.invokers.TestMethodWorker.run(TestMethodWorker.java:134)
	at java.base/java.util.ArrayList.forEach(ArrayList.java:1596)
	at org.testng.TestRunner.privateRun(TestRunner.java:739)
	at org.testng.TestRunner.run(TestRunner.java:614)
	at org.testng.SuiteRunner.runTest(SuiteRunner.java:421)
	at org.testng.SuiteRunner.runSequentially(SuiteRunner.java:413)
	at org.testng.SuiteRunner.privateRun(SuiteRunner.java:373)
	at org.testng.SuiteRunner.run(SuiteRunner.java:312)
	at org.testng.SuiteRunnerWorker.runSuite(SuiteRunnerWorker.java:52)
	at org.testng.SuiteRunnerWorker.run(SuiteRunnerWorker.java:95)
	at org.testng.TestNG.runSuitesSequentially(TestNG.java:1274)
	at org.testng.TestNG.runSuitesLocally(TestNG.java:1208)
	at org.testng.TestNG.runSuites(TestNG.java:1112)
	at org.testng.TestNG.run(TestNG.java:1079)
	at org.testng.remote.AbstractRemoteTestNG.run(AbstractRemoteTestNG.java:115)
	at org.testng.remote.RemoteTestNG.initAndRun(RemoteTestNG.java:293)
	at org.testng.remote.RemoteTestNG.main(RemoteTestNG.java:91)
</pre></div></td>
<td>3</td>
<td>testscript.ManageCategoryTest@139982de</td></tr>
</table><p>
<table width='100%' border='1' class='invocation-passed'>
<tr><td colspan='4' align='center'><b>PASSED TESTS</b></td></tr>
<tr><td><b>Test method</b></td>
<td><b>Attribute(s)</b></td>
<td width="30%"><b>Exception</b></td>
<td width="10%"><b>Time (seconds)</b></td>
<td><b>Instance</b></td>
</tr>
<tr>
<td title='testscript.AdminUserTest.verifywhetheruserisabletosearchadminusersfromadminusertileusingusername()'><b>verifywhetheruserisabletosearchadminusersfromadminusertileusingusername</b><br>Test class: testscript.AdminUserTest<br>Test method: Verify wheather user is able to serach adminuser using username and userType </td>
<td></td>
<td>3</td>
<td>testscript.AdminUserTest@385c9627</td></tr>
<tr>
<td title='testscript.ManageNewsTest.verifywhetherUserCanSearchNews()'><b>verifywhetherUserCanSearchNews</b><br>Test class: testscript.ManageNewsTest<br>Test method: Verify wheather user is able to search news and reset in Managenews tile</td>
<td></td>
<td>2</td>
<td>testscript.ManageNewsTest@682b2fa</td></tr>
<tr>
<td title='testscript.ManageCategoryTest.verifywhetherUsercanSearchTheCategoryDetails()'><b>verifywhetherUsercanSearchTheCategoryDetails</b><br>Test class: testscript.ManageCategoryTest<br>Test method: Verify wheather user is able to search  categeory details  Managecategory tile</td>
<td></td>
<td>3</td>
<td>testscript.ManageCategoryTest@139982de</td></tr>
<tr>
<td title='testscript.ManageNewsTest.verifyWhethertheUsercanaddNewNews()'><b>verifyWhethertheUsercanaddNewNews</b><br>Test class: testscript.ManageNewsTest<br>Test method: Verify wheather user is able to add new news in Managenews tile</td>
<td></td>
<td>4</td>
<td>testscript.ManageNewsTest@682b2fa</td></tr>
<tr>
<td title='testscript.LoginTest.verifyUserLoginWithInValidUsernameandvalidpassword()'><b>verifyUserLoginWithInValidUsernameandvalidpassword</b><br>Test class: testscript.LoginTest<br>Test method: Verify wheather user can login with invalid username and valid password</td>
<td></td>
<td>1</td>
<td>testscript.LoginTest@36fc695d</td></tr>
<tr>
<td title='testscript.LoginTest.verifyUserLoginwithValidCredentials()'><b>verifyUserLoginwithValidCredentials</b><br>Test class: testscript.LoginTest<br>Test method: Verify wheather  user can login with valid credentials</td>
<td></td>
<td>4</td>
<td>testscript.LoginTest@36fc695d</td></tr>
<tr>
<td title='testscript.HomeTest.verifywhetheruserisabletologoutsucessfully()'><b>verifywhetheruserisabletologoutsucessfully</b><br>Test class: testscript.HomeTest<br>Test method: Verify wheather user is able to logout sucessfully</td>
<td></td>
<td>2</td>
<td>testscript.HomeTest@6989da5e</td></tr>
<tr>
<td title='testscript.AdminUserTest.verifyWhetherUserIsAbleToAddNewAdminUserOnAdminUserTile()'><b>verifyWhetherUserIsAbleToAddNewAdminUserOnAdminUserTile</b><br>Test class: testscript.AdminUserTest<br>Test method: Verify wheather user is able to add new adminuser in adminuser tile</td>
<td></td>
<td>4</td>
<td>testscript.AdminUserTest@385c9627</td></tr>
<tr>
<td title='testscript.LoginTest.verifyUserLoginWithValidUsernameandInValidPassword()'><b>verifyUserLoginWithValidUsernameandInValidPassword</b><br>Test class: testscript.LoginTest<br>Test method: Verify wheather usercan login with valid username and invalid password</td>
<td></td>
<td>1</td>
<td>testscript.LoginTest@36fc695d</td></tr>
</table><p>
</body>
</html>