<?xml version="1.0" encoding="UTF-8"?>
<!-- Generated by org.testng.reporters.JUnitXMLReporter -->
<testsuite ignored="0" hostname="DESKTOP-623ERR5" failures="2" tests="11" name="Test" time="103.201" errors="0" timestamp="2025-06-19T00:18:25 IST">
  <testcase classname="testscript.LoginTest" name="verifyUserLoginwithValidCredentials" time="4.577"/>
  <testcase classname="testscript.LoginTest" name="verifyUserLoginWithInValidUsernameandvalidpassword" time="1.685"/>
  <testcase classname="testscript.LoginTest" name="verifyUserLoginWithValidUsernameandInValidPassword" time="1.193"/>
  <testcase classname="testscript.LoginTest" name="verifyUserLoginWithInValidCredentials" time="0.0">
    <failure type="java.lang.RuntimeException" message="java.lang.IllegalStateException: Cannot get a NUMERIC value from a STRING cell">
      <![CDATA[java.lang.RuntimeException: java.lang.IllegalStateException: Cannot get a NUMERIC value from a STRING cell
at java.base/java.util.ArrayList.forEach(ArrayList.java:1596)
Caused by: java.lang.IllegalStateException: Cannot get a NUMERIC value from a STRING cell
at org.apache.poi.xssf.usermodel.XSSFCell.typeMismatch(XSSFCell.java:987)
at org.apache.poi.xssf.usermodel.XSSFCell.getNumericCellValue(XSSFCell.java:260)
at utilities.ExcelUtility.getIntegerData(ExcelUtility.java:36)
at testscript.LoginTest.getDataFromDataProvider(LoginTest.java:75)
... 25 more
... Removed 30 stack frames]]>
    </failure>
  </testcase> <!-- verifyUserLoginWithInValidCredentials -->
  <testcase classname="testscript.HomeTest" name="verifywhetheruserisabletologoutsucessfully" time="2.247"/>
  <testcase classname="testscript.AdminUserTest" name="verifyWhetherUserIsAbleToAddNewAdminUserOnAdminUserTile" time="4.677"/>
  <testcase classname="testscript.AdminUserTest" name="verifywhetheruserisabletosearchadminusersfromadminusertileusingusername" time="3.201"/>
  <testcase classname="testscript.ManageCategoryTest" name="verifyWhetherTheUserCanEnterTheNewCategoryDetails" time="3.209">
    <failure type="org.openqa.selenium.support.ui.UnexpectedTagNameException" message="Element should have been &amp;quot;select&amp;quot; but was &amp;quot;input&amp;quot;
Build info: version: &amp;apos;4.28.1&amp;apos;, revision: &amp;apos;73f5ad48a2&amp;apos;
System info: os.name: &amp;apos;Windows 11&amp;apos;, os.arch: &amp;apos;amd64&amp;apos;, os.version: &amp;apos;10.0&amp;apos;, java.version: &amp;apos;21.0.5&amp;apos;
Driver info: driver.version: unknown">
      <![CDATA[org.openqa.selenium.support.ui.UnexpectedTagNameException: Element should have been "select" but was "input"
Build info: version: '4.28.1', revision: '73f5ad48a2'
System info: os.name: 'Windows 11', os.arch: 'amd64', os.version: '10.0', java.version: '21.0.5'
Driver info: driver.version: unknown
at org.openqa.selenium.support.ui.Select.<init>(Select.java:44)
at utilities.PageUtility.selectbyValue(PageUtility.java:14)
at pages.ManageCategoryPage.clickOnCheckBoxRadioButton(ManageCategoryPage.java:82)
at testscript.ManageCategoryTest.verifyWhetherTheUserCanEnterTheNewCategoryDetails(ManageCategoryTest.java:32)
at java.base/java.util.ArrayList.forEach(ArrayList.java:1596)
... Removed 25 stack frames]]>
    </failure>
  </testcase> <!-- verifyWhetherTheUserCanEnterTheNewCategoryDetails -->
  <testcase classname="testscript.ManageCategoryTest" name="verifywhetherUsercanSearchTheCategoryDetails" time="3.546"/>
  <testcase classname="testscript.ManageNewsTest" name="verifyWhethertheUsercanaddNewNews" time="4.848"/>
  <testcase classname="testscript.ManageNewsTest" name="verifywhetherUserCanSearchNews" time="2.836"/>
</testsuite> <!-- Test -->
